[ERROR 2019-01-17 16:37:47]发送邮件失败，请检查邮件配置
[INFO 2019-01-17 16:51:38]邮件发送成功
[ERROR 2019-01-17 17:06:13]邮件发送失败，请检查邮件配置
[ERROR 2019-01-17 17:14:12]邮件发送失败，请检查邮件配置
[ERROR 2019-01-17 17:28:39]邮件发送失败，请检查邮件配置
[ERROR 2019-01-17 17:44:28]邮件发送失败，请检查邮件配置
[INFO 2019-01-17 17:46:16]初始化配置文件, path=/Users/xuchen/PycharmProjects/testAuto/Conf/config.ini
[ERROR 2019-01-17 17:47:13]邮件发送失败，请检查邮件配置
[INFO 2019-01-17 17:48:46]初始化配置文件, path=/Users/xuchen/PycharmProjects/testAuto/Conf/config.ini
[ERROR 2019-01-17 17:49:42]邮件发送失败，请检查邮件配置
[INFO 2019-01-17 17:50:46]初始化配置文件, path=/Users/xuchen/PycharmProjects/testAuto/Conf/config.ini
[ERROR 2019-01-17 17:51:42]邮件发送失败，请检查邮件配置
[INFO 2019-01-17 17:57:26]初始化配置文件, path=/Users/xuchen/PycharmProjects/testAuto/Conf/config.ini
[ERROR 2019-01-17 17:58:22]邮件发送失败，请检查邮件配置
[INFO 2019-01-17 17:59:08]初始化配置文件, path=/Users/xuchen/PycharmProjects/testAuto/Conf/config.ini
[ERROR 2019-01-17 18:00:04]邮件发送失败，请检查邮件配置
[INFO 2019-01-17 18:00:47]初始化配置文件, path=/Users/xuchen/PycharmProjects/testAuto/Conf/config.ini
[ERROR 2019-01-17 18:01:42]邮件发送失败，请检查邮件配置
[ERROR 2019-01-17 20:19:08]邮件发送失败，请检查邮件配置
[ERROR 2019-01-17 20:19:52]邮件发送失败，请检查邮件配置
[ERROR 2019-01-17 20:19:52]发送邮件失败，请检查邮件配置
[ERROR 2019-01-17 20:20:59]邮件发送失败，请检查邮件配置
[ERROR 2019-01-17 20:21:59]邮件发送失败，请检查邮件配置
[ERROR 2019-01-17 20:27:36]邮件发送失败，请检查邮件配置
[ERROR 2019-01-17 20:29:10]邮件发送失败，请检查邮件配置
[ERROR 2019-01-17 20:29:35]邮件发送失败，请检查邮件配置
[ERROR 2019-01-17 20:37:01]邮件发送失败，请检查邮件配置
[ERROR 2019-01-17 20:37:20]邮件发送失败，请检查邮件配置
[ERROR 2019-01-17 20:37:48]邮件发送失败，请检查邮件配置
[ERROR 2019-01-17 20:39:19]邮件发送失败，请检查邮件配置
[ERROR 2019-01-17 20:44:39]邮件发送失败，请检查邮件配置
[ERROR 2019-01-17 20:45:25]邮件发送失败，请检查邮件配置
[ERROR 2019-01-17 20:46:31]邮件发送失败，请检查邮件配置
[ERROR 2019-01-17 20:46:44]邮件发送失败，请检查邮件配置
[ERROR 2019-01-17 20:47:31]邮件发送失败，请检查邮件配置
[ERROR 2019-01-17 20:55:07]邮件发送失败，请检查邮件配置
[ERROR 2019-01-17 21:05:29]邮件发送失败，请检查邮件配置
[ERROR 2019-01-17 21:06:24]邮件发送失败，请检查邮件配置
[ERROR 2019-01-17 21:07:04]邮件发送失败，请检查邮件配置
[ERROR 2019-01-17 21:07:27]邮件发送失败，请检查邮件配置
[ERROR 2019-01-17 21:07:48]邮件发送失败，请检查邮件配置
[ERROR 2019-01-17 21:10:43]邮件发送失败，请检查邮件配置
[INFO 2019-01-18 09:12:53]初始化配置文件, path=/Users/xuchen/PycharmProjects/testAuto/Conf/config.ini
[ERROR 2019-01-18 09:13:55]邮件发送失败，请检查邮件配置
[INFO 2019-01-18 09:29:21]初始化配置文件, path=/Users/xuchen/PycharmProjects/testAuto/Conf/config.ini
[ERROR 2019-01-18 09:30:17]邮件发送失败，请检查邮件配置
[INFO 2019-01-18 09:30:29]初始化配置文件, path=/Users/xuchen/PycharmProjects/testAuto/Conf/config.ini
[ERROR 2019-01-18 09:31:26]邮件发送失败，请检查邮件配置
[INFO 2019-01-18 09:31:40]初始化配置文件, path=/Users/xuchen/PycharmProjects/testAuto/Conf/config.ini
[INFO 2019-01-18 09:32:38]邮件发送成功
[INFO 2019-01-18 09:33:06]初始化配置文件, path=/Users/xuchen/PycharmProjects/testAuto/Conf/config.ini
[INFO 2019-01-18 09:34:02]邮件发送成功
[INFO 2019-01-18 09:34:44]初始化配置文件, path=/Users/xuchen/PycharmProjects/testAuto/Conf/config.ini
[ERROR 2019-01-18 09:35:40]邮件发送失败，请检查邮件配置
[INFO 2019-01-18 09:36:00]初始化配置文件, path=/Users/xuchen/PycharmProjects/testAuto/Conf/config.ini
[ERROR 2019-01-18 09:36:56]邮件发送失败，请检查邮件配置
[INFO 2019-01-18 09:37:53]初始化配置文件, path=/Users/xuchen/PycharmProjects/testAuto/Conf/config.ini
[INFO 2019-01-18 09:38:50]邮件发送成功
[INFO 2019-01-18 09:52:28]初始化配置文件, path=/Users/xuchen/PycharmProjects/testAuto/Conf/config.ini
[INFO 2019-01-18 09:52:47]初始化配置文件, path=/Users/xuchen/PycharmProjects/testAuto/Conf/config.ini
[INFO 2019-01-18 10:00:29]邮件发送成功
[INFO 2019-01-18 10:07:25]初始化配置文件, path=/Users/xuchen/PycharmProjects/testAuto/Conf/config.ini
[ERROR 2019-01-18 10:08:23]邮件发送失败，请检查邮件配置
[INFO 2019-01-18 10:22:39]初始化配置文件, path=/Users/xuchen/PycharmProjects/testAuto/Conf/config.ini
[INFO 2019-01-18 10:23:37]邮件发送成功
[INFO 2019-01-18 10:24:14]初始化配置文件, path=/Users/xuchen/PycharmProjects/testAuto/Conf/config.ini
[INFO 2019-01-18 10:25:12]邮件发送成功
[INFO 2019-01-18 10:26:10]初始化配置文件, path=/Users/xuchen/PycharmProjects/testAuto/Conf/config.ini
[INFO 2019-01-18 10:27:08]邮件发送成功
[INFO 2019-01-18 10:31:44]初始化配置文件, path=/Users/xuchen/PycharmProjects/testAuto/Conf/config.ini
[INFO 2019-01-18 10:33:35]初始化配置文件, path=/Users/xuchen/PycharmProjects/testAuto/Conf/config.ini
[INFO 2019-01-18 10:34:44]初始化配置文件, path=/Users/xuchen/PycharmProjects/testAuto/Conf/config.ini
[INFO 2019-01-18 10:42:23]邮件发送成功
[INFO 2019-01-18 10:44:01]初始化配置文件, path=/Users/xuchen/PycharmProjects/testAuto/Conf/config.ini
[INFO 2019-01-18 10:51:17]邮件发送成功
[INFO 2019-01-18 10:53:31]初始化配置文件, path=/Users/xuchen/PycharmProjects/testAuto/Conf/config.ini
[INFO 2019-01-18 10:54:29]邮件发送成功
[INFO 2019-01-18 11:04:24]初始化配置文件, path=/Users/xuchen/PycharmProjects/testAuto/Conf/config.ini
[INFO 2019-01-18 11:07:07]初始化配置文件, path=/Users/xuchen/PycharmProjects/testAuto/Conf/config.ini
[INFO 2019-01-18 11:08:57]邮件发送成功
[INFO 2019-01-18 11:13:06]初始化配置文件, path=/Users/xuchen/PycharmProjects/testAuto/Conf/config.ini
[INFO 2019-01-18 11:49:43]初始化配置文件, path=/Users/xuchen/PycharmProjects/testAuto/Conf/config.ini
[INFO 2019-01-18 11:50:32]初始化配置文件, path=/Users/xuchen/PycharmProjects/testAuto/Conf/config.ini
[INFO 2019-01-18 11:50:44]初始化配置文件, path=/Users/xuchen/PycharmProjects/testAuto/Conf/config.ini
[INFO 2019-01-18 13:57:04]初始化配置文件, path=/Users/xuchen/PycharmProjects/testAuto/Conf/config.ini
[INFO 2019-01-18 13:57:04]解析yaml, Path:/Users/xuchen/PycharmProjects/testAuto/Params/Param/cfgyaml
[INFO 2019-01-18 13:58:08]初始化配置文件, path=/Users/xuchen/PycharmProjects/testAuto/Conf/config.ini
[INFO 2019-01-18 13:58:08]解析yaml, Path:/Users/xuchen/PycharmProjects/testAuto/Params/Param/cfgyaml
[INFO 2019-01-18 13:58:20]解析yaml, Path:/Users/xuchen/PycharmProjects/testAuto/Params/Param/cfgyaml
[INFO 2019-01-18 13:58:20]解析yaml, Path:/Users/xuchen/PycharmProjects/testAuto/Params/Param/cfgyaml
[INFO 2019-01-18 13:58:20]解析yaml, Path:/Users/xuchen/PycharmProjects/testAuto/Params/Param/cfgyaml
[INFO 2019-01-18 13:58:20]解析yaml, Path:/Users/xuchen/PycharmProjects/testAuto/Params/Param/cfgyaml
[INFO 2019-01-18 13:58:22]解析yaml, Path:/Users/xuchen/PycharmProjects/testAuto/Params/Param/cfgyaml
[INFO 2019-01-18 13:58:22]解析yaml, Path:/Users/xuchen/PycharmProjects/testAuto/Params/Param/cfgyaml
[INFO 2019-01-18 13:58:22]解析yaml, Path:/Users/xuchen/PycharmProjects/testAuto/Params/Param/cfgyaml
[INFO 2019-01-18 13:58:22]解析yaml, Path:/Users/xuchen/PycharmProjects/testAuto/Params/Param/cfgyaml
[INFO 2019-01-18 13:58:22]解析yaml, Path:/Users/xuchen/PycharmProjects/testAuto/Params/Param/cfgyaml
[INFO 2019-01-18 13:58:22]解析yaml, Path:/Users/xuchen/PycharmProjects/testAuto/Params/Param/cfgyaml
[INFO 2019-01-18 13:58:22]解析yaml, Path:/Users/xuchen/PycharmProjects/testAuto/Params/Param/cfgyaml
[INFO 2019-01-18 13:58:24]解析yaml, Path:/Users/xuchen/PycharmProjects/testAuto/Params/Param/cfgyaml
[INFO 2019-01-18 13:58:24]解析yaml, Path:/Users/xuchen/PycharmProjects/testAuto/Params/Param/cfgyaml
[INFO 2019-01-18 13:58:25]解析yaml, Path:/Users/xuchen/PycharmProjects/testAuto/Params/Param/cfgyaml
[INFO 2019-01-18 13:58:25]解析yaml, Path:/Users/xuchen/PycharmProjects/testAuto/Params/Param/cfgyaml
[INFO 2019-01-18 13:58:25]解析yaml, Path:/Users/xuchen/PycharmProjects/testAuto/Params/Param/cfgyaml
[INFO 2019-01-18 13:58:29]解析yaml, Path:/Users/xuchen/PycharmProjects/testAuto/Params/Param/cfgyaml
[INFO 2019-01-18 13:58:29]解析yaml, Path:/Users/xuchen/PycharmProjects/testAuto/Params/Param/cfgyaml
[INFO 2019-01-18 13:58:30]解析yaml, Path:/Users/xuchen/PycharmProjects/testAuto/Params/Param/cfgyaml
[INFO 2019-01-18 13:58:30]解析yaml, Path:/Users/xuchen/PycharmProjects/testAuto/Params/Param/cfgyaml
[INFO 2019-01-18 13:58:30]解析yaml, Path:/Users/xuchen/PycharmProjects/testAuto/Params/Param/cfgyaml
[INFO 2019-01-18 13:58:32]解析yaml, Path:/Users/xuchen/PycharmProjects/testAuto/Params/Param/cfgyaml
[INFO 2019-01-18 13:58:32]解析yaml, Path:/Users/xuchen/PycharmProjects/testAuto/Params/Param/cfgyaml
[INFO 2019-01-18 13:58:33]解析yaml, Path:/Users/xuchen/PycharmProjects/testAuto/Params/Param/cfgyaml
[INFO 2019-01-18 13:58:33]解析yaml, Path:/Users/xuchen/PycharmProjects/testAuto/Params/Param/cfgyaml
[INFO 2019-01-18 13:58:33]解析yaml, Path:/Users/xuchen/PycharmProjects/testAuto/Params/Param/cfgyaml
[INFO 2019-01-18 13:58:34]解析yaml, Path:/Users/xuchen/PycharmProjects/testAuto/Params/Param/cfgyaml
[INFO 2019-01-18 13:58:35]解析yaml, Path:/Users/xuchen/PycharmProjects/testAuto/Params/Param/cfgyaml
[INFO 2019-01-18 13:58:35]解析yaml, Path:/Users/xuchen/PycharmProjects/testAuto/Params/Param/cfgyaml
[INFO 2019-01-18 13:58:35]解析yaml, Path:/Users/xuchen/PycharmProjects/testAuto/Params/Param/cfgyaml
[INFO 2019-01-18 13:58:48]解析yaml, Path:/Users/xuchen/PycharmProjects/testAuto/Params/Param/cfgyaml
[INFO 2019-01-18 13:58:53]解析yaml, Path:/Users/xuchen/PycharmProjects/testAuto/Params/Param/cfgyaml
[INFO 2019-01-18 13:58:54]解析yaml, Path:/Users/xuchen/PycharmProjects/testAuto/Params/Param/cfgyaml
[INFO 2019-01-18 13:58:54]解析yaml, Path:/Users/xuchen/PycharmProjects/testAuto/Params/Param/cfgyaml
[INFO 2019-01-18 13:58:55]解析yaml, Path:/Users/xuchen/PycharmProjects/testAuto/Params/Param/cfgyaml
[INFO 2019-01-18 13:58:55]解析yaml, Path:/Users/xuchen/PycharmProjects/testAuto/Params/Param/cfgyaml
[INFO 2019-01-18 13:58:55]解析yaml, Path:/Users/xuchen/PycharmProjects/testAuto/Params/Param/cfgyaml
[INFO 2019-01-18 13:58:57]解析yaml, Path:/Users/xuchen/PycharmProjects/testAuto/Params/Param/cfgyaml
[INFO 2019-01-18 13:58:57]解析yaml, Path:/Users/xuchen/PycharmProjects/testAuto/Params/Param/cfgyaml
[INFO 2019-01-18 13:58:57]解析yaml, Path:/Users/xuchen/PycharmProjects/testAuto/Params/Param/cfgyaml
[INFO 2019-01-18 13:58:58]解析yaml, Path:/Users/xuchen/PycharmProjects/testAuto/Params/Param/cfgyaml
[INFO 2019-01-18 13:58:58]解析yaml, Path:/Users/xuchen/PycharmProjects/testAuto/Params/Param/cfgyaml
[INFO 2019-01-18 13:58:58]解析yaml, Path:/Users/xuchen/PycharmProjects/testAuto/Params/Param/cfgyaml
[INFO 2019-01-18 13:59:06]邮件发送成功
[INFO 2019-01-18 14:01:57]初始化配置文件, path=/Users/xuchen/PycharmProjects/testAuto/Conf/config.ini
[INFO 2019-01-18 14:01:57]解析yaml, Path:/Users/xuchen/PycharmProjects/testAuto/Params/Param/cfgyaml
[INFO 2019-01-18 14:02:08]解析yaml, Path:/Users/xuchen/PycharmProjects/testAuto/Params/Param/cfgyaml
[INFO 2019-01-18 14:02:08]解析yaml, Path:/Users/xuchen/PycharmProjects/testAuto/Params/Param/cfgyaml
[INFO 2019-01-18 14:02:09]解析yaml, Path:/Users/xuchen/PycharmProjects/testAuto/Params/Param/cfgyaml
[INFO 2019-01-18 14:02:09]解析yaml, Path:/Users/xuchen/PycharmProjects/testAuto/Params/Param/cfgyaml
[INFO 2019-01-18 14:02:11]解析yaml, Path:/Users/xuchen/PycharmProjects/testAuto/Params/Param/cfgyaml
[INFO 2019-01-18 14:02:11]解析yaml, Path:/Users/xuchen/PycharmProjects/testAuto/Params/Param/cfgyaml
[INFO 2019-01-18 14:02:11]解析yaml, Path:/Users/xuchen/PycharmProjects/testAuto/Params/Param/cfgyaml
[INFO 2019-01-18 14:02:11]解析yaml, Path:/Users/xuchen/PycharmProjects/testAuto/Params/Param/cfgyaml
[INFO 2019-01-18 14:02:11]解析yaml, Path:/Users/xuchen/PycharmProjects/testAuto/Params/Param/cfgyaml
[INFO 2019-01-18 14:02:11]解析yaml, Path:/Users/xuchen/PycharmProjects/testAuto/Params/Param/cfgyaml
[INFO 2019-01-18 14:02:11]解析yaml, Path:/Users/xuchen/PycharmProjects/testAuto/Params/Param/cfgyaml
[INFO 2019-01-18 14:02:13]解析yaml, Path:/Users/xuchen/PycharmProjects/testAuto/Params/Param/cfgyaml
[INFO 2019-01-18 14:02:13]解析yaml, Path:/Users/xuchen/PycharmProjects/testAuto/Params/Param/cfgyaml
[INFO 2019-01-18 14:02:14]解析yaml, Path:/Users/xuchen/PycharmProjects/testAuto/Params/Param/cfgyaml
[INFO 2019-01-18 14:02:14]解析yaml, Path:/Users/xuchen/PycharmProjects/testAuto/Params/Param/cfgyaml
[INFO 2019-01-18 14:02:14]解析yaml, Path:/Users/xuchen/PycharmProjects/testAuto/Params/Param/cfgyaml
[INFO 2019-01-18 14:02:18]解析yaml, Path:/Users/xuchen/PycharmProjects/testAuto/Params/Param/cfgyaml
[INFO 2019-01-18 14:02:18]解析yaml, Path:/Users/xuchen/PycharmProjects/testAuto/Params/Param/cfgyaml
[INFO 2019-01-18 14:02:19]解析yaml, Path:/Users/xuchen/PycharmProjects/testAuto/Params/Param/cfgyaml
[INFO 2019-01-18 14:02:19]解析yaml, Path:/Users/xuchen/PycharmProjects/testAuto/Params/Param/cfgyaml
[INFO 2019-01-18 14:02:19]解析yaml, Path:/Users/xuchen/PycharmProjects/testAuto/Params/Param/cfgyaml
[INFO 2019-01-18 14:02:20]解析yaml, Path:/Users/xuchen/PycharmProjects/testAuto/Params/Param/cfgyaml
[INFO 2019-01-18 14:02:21]解析yaml, Path:/Users/xuchen/PycharmProjects/testAuto/Params/Param/cfgyaml
[INFO 2019-01-18 14:02:22]解析yaml, Path:/Users/xuchen/PycharmProjects/testAuto/Params/Param/cfgyaml
[INFO 2019-01-18 14:02:22]解析yaml, Path:/Users/xuchen/PycharmProjects/testAuto/Params/Param/cfgyaml
[INFO 2019-01-18 14:02:22]解析yaml, Path:/Users/xuchen/PycharmProjects/testAuto/Params/Param/cfgyaml
[INFO 2019-01-18 14:02:23]解析yaml, Path:/Users/xuchen/PycharmProjects/testAuto/Params/Param/cfgyaml
[INFO 2019-01-18 14:02:24]解析yaml, Path:/Users/xuchen/PycharmProjects/testAuto/Params/Param/cfgyaml
[INFO 2019-01-18 14:02:24]解析yaml, Path:/Users/xuchen/PycharmProjects/testAuto/Params/Param/cfgyaml
[INFO 2019-01-18 14:02:24]解析yaml, Path:/Users/xuchen/PycharmProjects/testAuto/Params/Param/cfgyaml
[INFO 2019-01-18 14:02:37]解析yaml, Path:/Users/xuchen/PycharmProjects/testAuto/Params/Param/cfgyaml
[INFO 2019-01-18 14:02:42]解析yaml, Path:/Users/xuchen/PycharmProjects/testAuto/Params/Param/cfgyaml
[INFO 2019-01-18 14:02:43]解析yaml, Path:/Users/xuchen/PycharmProjects/testAuto/Params/Param/cfgyaml
[INFO 2019-01-18 14:02:43]解析yaml, Path:/Users/xuchen/PycharmProjects/testAuto/Params/Param/cfgyaml
[INFO 2019-01-18 14:02:44]解析yaml, Path:/Users/xuchen/PycharmProjects/testAuto/Params/Param/cfgyaml
[INFO 2019-01-18 14:02:44]解析yaml, Path:/Users/xuchen/PycharmProjects/testAuto/Params/Param/cfgyaml
[INFO 2019-01-18 14:02:44]解析yaml, Path:/Users/xuchen/PycharmProjects/testAuto/Params/Param/cfgyaml
[INFO 2019-01-18 14:02:46]解析yaml, Path:/Users/xuchen/PycharmProjects/testAuto/Params/Param/cfgyaml
[INFO 2019-01-18 14:02:46]解析yaml, Path:/Users/xuchen/PycharmProjects/testAuto/Params/Param/cfgyaml
[INFO 2019-01-18 14:02:46]解析yaml, Path:/Users/xuchen/PycharmProjects/testAuto/Params/Param/cfgyaml
[INFO 2019-01-18 14:02:47]解析yaml, Path:/Users/xuchen/PycharmProjects/testAuto/Params/Param/cfgyaml
[INFO 2019-01-18 14:02:47]解析yaml, Path:/Users/xuchen/PycharmProjects/testAuto/Params/Param/cfgyaml
[INFO 2019-01-18 14:02:47]解析yaml, Path:/Users/xuchen/PycharmProjects/testAuto/Params/Param/cfgyaml
